0 info it worked if it ends with ok
1 verbose cli [ 'C:\\Program Files\\nodejs\\node.exe',
1 verbose cli   'C:\\Program Files\\nodejs\\node_modules\\npm\\bin\\npm-cli.js',
1 verbose cli   'install',
1 verbose cli   'mongo-sequence' ]
2 info using npm@3.10.10
3 info using node@v6.11.0
4 silly loadCurrentTree Starting
5 silly install loadCurrentTree
6 silly install readLocalPackageData
7 silly fetchPackageMetaData mongo-sequence
8 silly fetchNamedPackageData mongo-sequence
9 silly mapToRegistry name mongo-sequence
10 silly mapToRegistry using default registry
11 silly mapToRegistry registry https://registry.npmjs.org/
12 silly mapToRegistry data Result {
12 silly mapToRegistry   raw: 'mongo-sequence',
12 silly mapToRegistry   scope: null,
12 silly mapToRegistry   escapedName: 'mongo-sequence',
12 silly mapToRegistry   name: 'mongo-sequence',
12 silly mapToRegistry   rawSpec: '',
12 silly mapToRegistry   spec: 'latest',
12 silly mapToRegistry   type: 'tag' }
13 silly mapToRegistry uri https://registry.npmjs.org/mongo-sequence
14 verbose request uri https://registry.npmjs.org/mongo-sequence
15 verbose request no auth needed
16 info attempt registry request try #1 at 4:31:19 PM
17 verbose request id 8db8c9ab5eef2244
18 verbose etag W/"530cd4f5-1c21"
19 verbose lastModified Tue, 25 Feb 2014 17:37:57 GMT
20 http request GET https://registry.npmjs.org/mongo-sequence
21 http 304 https://registry.npmjs.org/mongo-sequence
22 verbose headers { date: 'Thu, 17 Aug 2017 13:31:20 GMT',
22 verbose headers   via: '1.1 varnish',
22 verbose headers   'cache-control': 'max-age=300',
22 verbose headers   etag: 'W/"530cd4f5-1c21"',
22 verbose headers   age: '0',
22 verbose headers   connection: 'keep-alive',
22 verbose headers   'x-served-by': 'cache-hhn1544-HHN',
22 verbose headers   'x-cache': 'MISS',
22 verbose headers   'x-cache-hits': '0',
22 verbose headers   'x-timer': 'S1502976680.001098,VS0,VE52',
22 verbose headers   vary: 'Accept-Encoding, Accept' }
23 silly get cb [ 304,
23 silly get   { date: 'Thu, 17 Aug 2017 13:31:20 GMT',
23 silly get     via: '1.1 varnish',
23 silly get     'cache-control': 'max-age=300',
23 silly get     etag: 'W/"530cd4f5-1c21"',
23 silly get     age: '0',
23 silly get     connection: 'keep-alive',
23 silly get     'x-served-by': 'cache-hhn1544-HHN',
23 silly get     'x-cache': 'MISS',
23 silly get     'x-cache-hits': '0',
23 silly get     'x-timer': 'S1502976680.001098,VS0,VE52',
23 silly get     vary: 'Accept-Encoding, Accept' } ]
24 verbose etag https://registry.npmjs.org/mongo-sequence from cache
25 verbose get saving mongo-sequence to C:\Users\ziad.rida\AppData\Roaming\npm-cache\registry.npmjs.org\mongo-sequence\.cache.json
26 verbose correctMkdir C:\Users\ziad.rida\AppData\Roaming\npm-cache correctMkdir not in flight; initializing
27 silly install normalizeTree
28 silly loadCurrentTree Finishing
29 silly loadIdealTree Starting
30 silly install loadIdealTree
31 silly cloneCurrentTree Starting
32 silly install cloneCurrentTreeToIdealTree
33 silly cloneCurrentTree Finishing
34 silly loadShrinkwrap Starting
35 silly install loadShrinkwrap
36 silly loadShrinkwrap Finishing
37 silly loadAllDepsIntoIdealTree Starting
38 silly install loadAllDepsIntoIdealTree
39 silly resolveWithNewModule mongo-sequence@0.1.5 checking installable status
40 silly cache add args [ 'mongo-sequence', null ]
41 verbose cache add spec mongo-sequence
42 silly cache add parsed spec Result {
42 silly cache add   raw: 'mongo-sequence',
42 silly cache add   scope: null,
42 silly cache add   escapedName: 'mongo-sequence',
42 silly cache add   name: 'mongo-sequence',
42 silly cache add   rawSpec: '',
42 silly cache add   spec: 'latest',
42 silly cache add   type: 'tag' }
43 silly addNamed mongo-sequence@latest
44 verbose addNamed "latest" is being treated as a dist-tag for mongo-sequence
45 info addNameTag [ 'mongo-sequence', 'latest' ]
46 silly mapToRegistry name mongo-sequence
47 silly mapToRegistry using default registry
48 silly mapToRegistry registry https://registry.npmjs.org/
49 silly mapToRegistry data Result {
49 silly mapToRegistry   raw: 'mongo-sequence',
49 silly mapToRegistry   scope: null,
49 silly mapToRegistry   escapedName: 'mongo-sequence',
49 silly mapToRegistry   name: 'mongo-sequence',
49 silly mapToRegistry   rawSpec: '',
49 silly mapToRegistry   spec: 'latest',
49 silly mapToRegistry   type: 'tag' }
50 silly mapToRegistry uri https://registry.npmjs.org/mongo-sequence
51 verbose addNameTag registry:https://registry.npmjs.org/mongo-sequence not in flight; fetching
52 verbose get https://registry.npmjs.org/mongo-sequence not expired, no request
53 silly addNameTag next cb for mongo-sequence with tag latest
54 silly addNamed mongo-sequence@0.1.5
55 verbose addNamed "0.1.5" is a plain semver version for mongo-sequence
56 silly cache afterAdd mongo-sequence@0.1.5
57 verbose afterAdd C:\Users\ziad.rida\AppData\Roaming\npm-cache\mongo-sequence\0.1.5\package\package.json not in flight; writing
58 verbose correctMkdir C:\Users\ziad.rida\AppData\Roaming\npm-cache correctMkdir not in flight; initializing
59 verbose afterAdd C:\Users\ziad.rida\AppData\Roaming\npm-cache\mongo-sequence\0.1.5\package\package.json written
60 silly fetchNamedPackageData glutils
61 silly mapToRegistry name glutils
62 silly mapToRegistry using default registry
63 silly mapToRegistry registry https://registry.npmjs.org/
64 silly mapToRegistry data Result {
64 silly mapToRegistry   raw: 'glutils',
64 silly mapToRegistry   scope: null,
64 silly mapToRegistry   escapedName: 'glutils',
64 silly mapToRegistry   name: 'glutils',
64 silly mapToRegistry   rawSpec: '',
64 silly mapToRegistry   spec: 'latest',
64 silly mapToRegistry   type: 'tag' }
65 silly mapToRegistry uri https://registry.npmjs.org/glutils
66 verbose request uri https://registry.npmjs.org/glutils
67 verbose request no auth needed
68 info attempt registry request try #1 at 4:31:20 PM
69 verbose etag W/"5346bbbc-28a7"
70 verbose lastModified Thu, 10 Apr 2014 15:41:48 GMT
71 http request GET https://registry.npmjs.org/glutils
72 http 304 https://registry.npmjs.org/glutils
73 verbose headers { date: 'Thu, 17 Aug 2017 13:31:20 GMT',
73 verbose headers   via: '1.1 varnish',
73 verbose headers   'cache-control': 'max-age=300',
73 verbose headers   etag: 'W/"5346bbbc-28a7"',
73 verbose headers   age: '0',
73 verbose headers   connection: 'keep-alive',
73 verbose headers   'x-served-by': 'cache-hhn1544-HHN',
73 verbose headers   'x-cache': 'MISS',
73 verbose headers   'x-cache-hits': '0',
73 verbose headers   'x-timer': 'S1502976680.315903,VS0,VE17',
73 verbose headers   vary: 'Accept-Encoding, Accept' }
74 silly get cb [ 304,
74 silly get   { date: 'Thu, 17 Aug 2017 13:31:20 GMT',
74 silly get     via: '1.1 varnish',
74 silly get     'cache-control': 'max-age=300',
74 silly get     etag: 'W/"5346bbbc-28a7"',
74 silly get     age: '0',
74 silly get     connection: 'keep-alive',
74 silly get     'x-served-by': 'cache-hhn1544-HHN',
74 silly get     'x-cache': 'MISS',
74 silly get     'x-cache-hits': '0',
74 silly get     'x-timer': 'S1502976680.315903,VS0,VE17',
74 silly get     vary: 'Accept-Encoding, Accept' } ]
75 verbose etag https://registry.npmjs.org/glutils from cache
76 verbose get saving glutils to C:\Users\ziad.rida\AppData\Roaming\npm-cache\registry.npmjs.org\glutils\.cache.json
77 verbose correctMkdir C:\Users\ziad.rida\AppData\Roaming\npm-cache correctMkdir not in flight; initializing
78 silly resolveWithNewModule glutils@0.2.0 checking installable status
79 silly cache add args [ 'glutils@~0.2.0', null ]
80 verbose cache add spec glutils@~0.2.0
81 silly cache add parsed spec Result {
81 silly cache add   raw: 'glutils@~0.2.0',
81 silly cache add   scope: null,
81 silly cache add   escapedName: 'glutils',
81 silly cache add   name: 'glutils',
81 silly cache add   rawSpec: '~0.2.0',
81 silly cache add   spec: '>=0.2.0 <0.3.0',
81 silly cache add   type: 'range' }
82 silly addNamed glutils@>=0.2.0 <0.3.0
83 verbose addNamed ">=0.2.0 <0.3.0" is a valid semver range for glutils
84 silly addNameRange { name: 'glutils', range: '>=0.2.0 <0.3.0', hasData: false }
85 silly mapToRegistry name glutils
86 silly mapToRegistry using default registry
87 silly mapToRegistry registry https://registry.npmjs.org/
88 silly mapToRegistry data Result {
88 silly mapToRegistry   raw: 'glutils',
88 silly mapToRegistry   scope: null,
88 silly mapToRegistry   escapedName: 'glutils',
88 silly mapToRegistry   name: 'glutils',
88 silly mapToRegistry   rawSpec: '',
88 silly mapToRegistry   spec: 'latest',
88 silly mapToRegistry   type: 'tag' }
89 silly mapToRegistry uri https://registry.npmjs.org/glutils
90 verbose addNameRange registry:https://registry.npmjs.org/glutils not in flight; fetching
91 verbose get https://registry.npmjs.org/glutils not expired, no request
92 silly addNameRange number 2 { name: 'glutils', range: '>=0.2.0 <0.3.0', hasData: true }
93 silly addNameRange versions [ 'glutils',
93 silly addNameRange   [ '0.1.1', '0.1.2', '0.1.3', '0.1.4', '0.2.0', '0.3.0', '0.3.1' ] ]
94 silly addNamed glutils@0.2.0
95 verbose addNamed "0.2.0" is a plain semver version for glutils
96 silly cache afterAdd glutils@0.2.0
97 verbose afterAdd C:\Users\ziad.rida\AppData\Roaming\npm-cache\glutils\0.2.0\package\package.json not in flight; writing
98 verbose correctMkdir C:\Users\ziad.rida\AppData\Roaming\npm-cache correctMkdir not in flight; initializing
99 verbose afterAdd C:\Users\ziad.rida\AppData\Roaming\npm-cache\glutils\0.2.0\package\package.json written
100 silly fetchNamedPackageData fibers
101 silly mapToRegistry name fibers
102 silly mapToRegistry using default registry
103 silly mapToRegistry registry https://registry.npmjs.org/
104 silly mapToRegistry data Result {
104 silly mapToRegistry   raw: 'fibers',
104 silly mapToRegistry   scope: null,
104 silly mapToRegistry   escapedName: 'fibers',
104 silly mapToRegistry   name: 'fibers',
104 silly mapToRegistry   rawSpec: '',
104 silly mapToRegistry   spec: 'latest',
104 silly mapToRegistry   type: 'tag' }
105 silly mapToRegistry uri https://registry.npmjs.org/fibers
106 verbose request uri https://registry.npmjs.org/fibers
107 verbose request no auth needed
108 info attempt registry request try #1 at 4:31:20 PM
109 verbose etag W/"59743eef-10453"
110 verbose lastModified Sun, 23 Jul 2017 06:15:11 GMT
111 http request GET https://registry.npmjs.org/fibers
112 http 304 https://registry.npmjs.org/fibers
113 verbose headers { date: 'Thu, 17 Aug 2017 13:31:20 GMT',
113 verbose headers   via: '1.1 varnish',
113 verbose headers   'cache-control': 'max-age=300',
113 verbose headers   etag: 'W/"59743eef-10453"',
113 verbose headers   age: '270',
113 verbose headers   connection: 'keep-alive',
113 verbose headers   'x-served-by': 'cache-hhn1544-HHN',
113 verbose headers   'x-cache': 'HIT',
113 verbose headers   'x-cache-hits': '1',
113 verbose headers   'x-timer': 'S1502976680.447077,VS0,VE0',
113 verbose headers   vary: 'Accept-Encoding, Accept' }
114 silly get cb [ 304,
114 silly get   { date: 'Thu, 17 Aug 2017 13:31:20 GMT',
114 silly get     via: '1.1 varnish',
114 silly get     'cache-control': 'max-age=300',
114 silly get     etag: 'W/"59743eef-10453"',
114 silly get     age: '270',
114 silly get     connection: 'keep-alive',
114 silly get     'x-served-by': 'cache-hhn1544-HHN',
114 silly get     'x-cache': 'HIT',
114 silly get     'x-cache-hits': '1',
114 silly get     'x-timer': 'S1502976680.447077,VS0,VE0',
114 silly get     vary: 'Accept-Encoding, Accept' } ]
115 verbose etag https://registry.npmjs.org/fibers from cache
116 verbose get saving fibers to C:\Users\ziad.rida\AppData\Roaming\npm-cache\registry.npmjs.org\fibers\.cache.json
117 verbose correctMkdir C:\Users\ziad.rida\AppData\Roaming\npm-cache correctMkdir not in flight; initializing
118 silly resolveWithNewModule fibers@1.0.15 checking installable status
119 silly cache add args [ 'fibers@~1.0.1', null ]
120 verbose cache add spec fibers@~1.0.1
121 silly cache add parsed spec Result {
121 silly cache add   raw: 'fibers@~1.0.1',
121 silly cache add   scope: null,
121 silly cache add   escapedName: 'fibers',
121 silly cache add   name: 'fibers',
121 silly cache add   rawSpec: '~1.0.1',
121 silly cache add   spec: '>=1.0.1 <1.1.0',
121 silly cache add   type: 'range' }
122 silly addNamed fibers@>=1.0.1 <1.1.0
123 verbose addNamed ">=1.0.1 <1.1.0" is a valid semver range for fibers
124 silly addNameRange { name: 'fibers', range: '>=1.0.1 <1.1.0', hasData: false }
125 silly mapToRegistry name fibers
126 silly mapToRegistry using default registry
127 silly mapToRegistry registry https://registry.npmjs.org/
128 silly mapToRegistry data Result {
128 silly mapToRegistry   raw: 'fibers',
128 silly mapToRegistry   scope: null,
128 silly mapToRegistry   escapedName: 'fibers',
128 silly mapToRegistry   name: 'fibers',
128 silly mapToRegistry   rawSpec: '',
128 silly mapToRegistry   spec: 'latest',
128 silly mapToRegistry   type: 'tag' }
129 silly mapToRegistry uri https://registry.npmjs.org/fibers
130 verbose addNameRange registry:https://registry.npmjs.org/fibers not in flight; fetching
131 verbose get https://registry.npmjs.org/fibers not expired, no request
132 silly addNameRange number 2 { name: 'fibers', range: '>=1.0.1 <1.1.0', hasData: true }
133 silly addNameRange versions [ 'fibers',
133 silly addNameRange   [ '0.1.0',
133 silly addNameRange     '0.1.1',
133 silly addNameRange     '0.1.2',
133 silly addNameRange     '0.1.3',
133 silly addNameRange     '0.1.4',
133 silly addNameRange     '0.1.6',
133 silly addNameRange     '0.1.7',
133 silly addNameRange     '0.1.8',
133 silly addNameRange     '0.2.0',
133 silly addNameRange     '0.2.1',
133 silly addNameRange     '0.2.2',
133 silly addNameRange     '0.2.3',
133 silly addNameRange     '0.2.4',
133 silly addNameRange     '0.2.5',
133 silly addNameRange     '0.2.6',
133 silly addNameRange     '0.5.0',
133 silly addNameRange     '0.6.0',
133 silly addNameRange     '0.5.1',
133 silly addNameRange     '0.6.1',
133 silly addNameRange     '0.6.2',
133 silly addNameRange     '0.6.3',
133 silly addNameRange     '0.6.4',
133 silly addNameRange     '0.6.5',
133 silly addNameRange     '0.6.6',
133 silly addNameRange     '0.6.7',
133 silly addNameRange     '0.6.8',
133 silly addNameRange     '0.6.9',
133 silly addNameRange     '1.0.0',
133 silly addNameRange     '1.0.1',
133 silly addNameRange     '1.0.2',
133 silly addNameRange     '1.0.4',
133 silly addNameRange     '1.0.5',
133 silly addNameRange     '1.0.6-b',
133 silly addNameRange     '1.0.7',
133 silly addNameRange     '1.0.8',
133 silly addNameRange     '1.0.9',
133 silly addNameRange     '1.0.10',
133 silly addNameRange     '1.0.11',
133 silly addNameRange     '1.0.12',
133 silly addNameRange     '1.0.13',
133 silly addNameRange     '1.0.14',
133 silly addNameRange     '1.0.15',
133 silly addNameRange     '2.0.0' ] ]
134 silly addNamed fibers@1.0.15
135 verbose addNamed "1.0.15" is a plain semver version for fibers
136 silly cache afterAdd fibers@1.0.15
137 verbose afterAdd C:\Users\ziad.rida\AppData\Roaming\npm-cache\fibers\1.0.15\package\package.json not in flight; writing
138 verbose correctMkdir C:\Users\ziad.rida\AppData\Roaming\npm-cache correctMkdir not in flight; initializing
139 verbose afterAdd C:\Users\ziad.rida\AppData\Roaming\npm-cache\fibers\1.0.15\package\package.json written
140 silly loadAllDepsIntoIdealTree Finishing
141 silly loadIdealTree Finishing
142 silly currentTree ziad.rida@0.5.0
142 silly currentTree +-- @types/desktop.ini
142 silly currentTree +-- @types/node@6.0.81
142 silly currentTree +-- accepts@1.3.3
142 silly currentTree +-- ajv@4.11.8
142 silly currentTree +-- amazon-product-api@0.4.3
142 silly currentTree | +-- asn1@0.1.11
142 silly currentTree | +-- assert-plus@0.1.5
142 silly currentTree | +-- aws-sign2@0.5.0
142 silly currentTree | +-- caseless@0.9.0
142 silly currentTree | +-- combined-stream@0.0.7
142 silly currentTree | +-- delayed-stream@0.0.5
142 silly currentTree | +-- desktop.ini
142 silly currentTree | +-- es6-promise@3.0.2
142 silly currentTree | +-- forever-agent@0.5.2
142 silly currentTree | +-- form-data@0.2.0
142 silly currentTree | +-- hawk@2.3.1
142 silly currentTree | +-- http-signature@0.10.1
142 silly currentTree | +-- mime-db@1.12.0
142 silly currentTree | +-- mime-types@2.0.14
142 silly currentTree | +-- node-uuid@1.4.8
142 silly currentTree | +-- oauth-sign@0.6.0
142 silly currentTree | +-- qs@2.3.3
142 silly currentTree | +-- request@2.53.0
142 silly currentTree | `-- tunnel-agent@0.4.3
142 silly currentTree +-- any-promise@1.3.0
142 silly currentTree +-- array-flatten@1.1.1
142 silly currentTree +-- asn1@0.2.3
142 silly currentTree +-- assert-plus@0.2.0
142 silly currentTree +-- async@0.9.2
142 silly currentTree +-- asynckit@0.4.0
142 silly currentTree +-- aws-sign2@0.6.0
142 silly currentTree +-- aws4@1.6.0
142 silly currentTree +-- babel-runtime@6.23.0
142 silly currentTree +-- bcrypt-pbkdf@1.0.1
142 silly currentTree +-- bl@0.9.5
142 silly currentTree | +-- desktop.ini
142 silly currentTree | +-- isarray@0.0.1
142 silly currentTree | +-- readable-stream@1.0.34
142 silly currentTree | `-- string_decoder@0.10.31
142 silly currentTree +-- body-parser@1.17.2
142 silly currentTree +-- boolbase@1.0.0
142 silly currentTree +-- boom@2.10.1
142 silly currentTree +-- bson@1.0.4
142 silly currentTree +-- buffer-shims@1.0.0
142 silly currentTree +-- bytes@2.4.0
142 silly currentTree +-- caseless@0.12.0
142 silly currentTree +-- cheerio@1.0.0-rc.2
142 silly currentTree | +-- boolbase@1.0.0
142 silly currentTree | +-- css-select@1.2.0
142 silly currentTree | +-- desktop.ini
142 silly currentTree | +-- domutils@1.5.1
142 silly currentTree | +-- entities@1.1.1
142 silly currentTree | `-- lodash@4.17.4
142 silly currentTree +-- co@4.6.0
142 silly currentTree +-- combined-stream@1.0.5
142 silly currentTree +-- content-disposition@0.5.2
142 silly currentTree +-- content-type@1.0.2
142 silly currentTree +-- cookie-signature@1.0.6
142 silly currentTree +-- cookie@0.3.1
142 silly currentTree +-- core-decorators@0.17.0
142 silly currentTree +-- core-js@2.4.1
142 silly currentTree +-- core-util-is@1.0.2
142 silly currentTree +-- cryptiles@2.0.5
142 silly currentTree +-- css-select@1.2.0
142 silly currentTree +-- css-what@2.1.0
142 silly currentTree +-- ctype@0.5.3
142 silly currentTree +-- dashdash@1.14.1
142 silly currentTree | +-- assert-plus@1.0.0
142 silly currentTree | `-- desktop.ini
142 silly currentTree +-- debug@2.6.7
142 silly currentTree +-- delayed-stream@1.0.0
142 silly currentTree +-- depd@1.1.0
142 silly currentTree +-- desktop.ini
142 silly currentTree +-- destroy@1.0.4
142 silly currentTree +-- dom-serializer@0.1.0
142 silly currentTree | +-- desktop.ini
142 silly currentTree | +-- domelementtype@1.1.3
142 silly currentTree | `-- entities@1.1.1
142 silly currentTree +-- domelementtype@1.3.0
142 silly currentTree +-- domhandler@2.4.1
142 silly currentTree +-- domutils@1.5.1
142 silly currentTree +-- ecc-jsbn@0.1.1
142 silly currentTree +-- ee-first@1.1.1
142 silly currentTree +-- encodeurl@1.0.1
142 silly currentTree +-- encoding@0.1.12
142 silly currentTree +-- entities@1.1.1
142 silly currentTree +-- es6-promise@3.2.1
142 silly currentTree +-- escape-html@1.0.3
142 silly currentTree +-- etag@1.8.0
142 silly currentTree +-- express@4.15.3
142 silly currentTree +-- extend@3.0.1
142 silly currentTree +-- extsprintf@1.0.2
142 silly currentTree +-- fb@2.0.0
142 silly currentTree | +-- desktop.ini
142 silly currentTree | `-- request@2.81.0
142 silly currentTree +-- fibers@1.0.15
142 silly currentTree +-- finalhandler@1.0.3
142 silly currentTree +-- forever-agent@0.6.1
142 silly currentTree +-- form-data@2.1.4
142 silly currentTree +-- forwarded@0.1.0
142 silly currentTree +-- fresh@0.5.0
142 silly currentTree +-- getpass@0.1.7
142 silly currentTree | +-- assert-plus@1.0.0
142 silly currentTree | `-- desktop.ini
142 silly currentTree +-- glutils@0.2.0
142 silly currentTree +-- har-schema@1.0.5
142 silly currentTree +-- har-validator@4.2.1
142 silly currentTree +-- hawk@3.1.3
142 silly currentTree +-- hoek@2.16.3
142 silly currentTree +-- htmlparser2@3.9.2
142 silly currentTree | +-- desktop.ini
142 silly currentTree | +-- domutils@1.6.2
142 silly currentTree | `-- entities@1.1.1
142 silly currentTree +-- http-errors@1.6.1
142 silly currentTree +-- http-signature@1.1.1
142 silly currentTree +-- iconv-lite@0.4.15
142 silly currentTree +-- inherits@2.0.3
142 silly currentTree +-- ipaddr.js@1.3.0
142 silly currentTree +-- is-stream@1.1.0
142 silly currentTree +-- is-typedarray@1.0.0
142 silly currentTree +-- isarray@1.0.0
142 silly currentTree +-- isomorphic-fetch@2.2.1
142 silly currentTree +-- isstream@0.1.2
142 silly currentTree +-- jsbn@0.1.1
142 silly currentTree +-- json-schema@0.2.3
142 silly currentTree +-- json-stable-stringify@1.0.1
142 silly currentTree +-- json-stringify-safe@5.0.1
142 silly currentTree +-- jsonify@0.0.0
142 silly currentTree +-- jsprim@1.4.0
142 silly currentTree | +-- assert-plus@1.0.0
142 silly currentTree | `-- desktop.ini
142 silly currentTree +-- lodash@4.17.4
142 silly currentTree +-- logger@0.0.1
142 silly currentTree +-- media-typer@0.3.0
142 silly currentTree +-- merge-descriptors@1.0.1
142 silly currentTree +-- methods@1.1.2
142 silly currentTree +-- mime-db@1.27.0
142 silly currentTree +-- mime-types@2.1.15
142 silly currentTree +-- mime@1.3.4
142 silly currentTree +-- mongo-sequence@0.1.5
142 silly currentTree +-- mongodb-core@2.1.13
142 silly currentTree +-- mongodb@2.2.29
142 silly currentTree +-- ms@2.0.0
142 silly currentTree +-- negotiator@0.6.1
142 silly currentTree +-- node-fetch@1.7.1
142 silly currentTree +-- node-wit@4.3.0
142 silly currentTree +-- nth-check@1.0.1
142 silly currentTree | +-- boolbase@1.0.0
142 silly currentTree | `-- desktop.ini
142 silly currentTree +-- oauth-sign@0.8.2
142 silly currentTree +-- on-finished@2.3.0
142 silly currentTree +-- parse-domain@1.1.0
142 silly currentTree +-- parse5@3.0.2
142 silly currentTree +-- parseurl@1.3.1
142 silly currentTree +-- path-to-regexp@0.1.7
142 silly currentTree +-- performance-now@0.2.0
142 silly currentTree +-- process-nextick-args@1.0.7
142 silly currentTree +-- proxy-addr@1.1.4
142 silly currentTree +-- punycode@1.4.1
142 silly currentTree +-- qs@6.4.0
142 silly currentTree +-- range-parser@1.2.0
142 silly currentTree +-- raw-body@2.2.0
142 silly currentTree +-- readable-stream@2.2.7
142 silly currentTree +-- regenerator-runtime@0.10.5
142 silly currentTree +-- request
142 silly currentTree +-- require_optional@1.0.1
142 silly currentTree +-- resolve-from@2.0.0
142 silly currentTree +-- safe-buffer@5.1.1
142 silly currentTree +-- sax@0.6.1
142 silly currentTree +-- semver@5.3.0
142 silly currentTree +-- send@0.15.3
142 silly currentTree +-- serve-static@1.12.3
142 silly currentTree +-- setprototypeof@1.0.3
142 silly currentTree +-- sntp@1.0.9
142 silly currentTree +-- sshpk@1.13.1
142 silly currentTree | `-- assert-plus@1.0.0
142 silly currentTree +-- statuses@1.3.1
142 silly currentTree +-- string_decoder@1.0.3
142 silly currentTree +-- stringstream@0.0.5
142 silly currentTree +-- tough-cookie@2.3.2
142 silly currentTree +-- tunnel-agent@0.6.0
142 silly currentTree +-- tweetnacl@0.14.5
142 silly currentTree +-- type-is@1.6.15
142 silly currentTree +-- underscore@1.6.0
142 silly currentTree +-- unpipe@1.0.0
142 silly currentTree +-- util-deprecate@1.0.2
142 silly currentTree +-- utils-merge@1.0.0
142 silly currentTree +-- uuid@3.1.0
142 silly currentTree +-- vary@1.1.1
142 silly currentTree +-- verror@1.3.6
142 silly currentTree +-- whatwg-fetch@2.0.3
142 silly currentTree +-- xml2js@0.4.5
142 silly currentTree +-- xmlbuilder@9.0.1
142 silly currentTree `-- yql@1.0.2
142 silly currentTree   +-- asn1@0.1.11
142 silly currentTree   +-- assert-plus@0.1.5
142 silly currentTree   +-- aws-sign2@0.5.0
142 silly currentTree   +-- boom@0.4.2
142 silly currentTree   +-- combined-stream@0.0.7
142 silly currentTree   +-- cryptiles@0.2.2
142 silly currentTree   +-- delayed-stream@0.0.5
142 silly currentTree   +-- desktop.ini
142 silly currentTree   +-- forever-agent@0.5.2
142 silly currentTree   +-- form-data@0.1.4
142 silly currentTree   +-- hawk@1.0.0
142 silly currentTree   +-- hoek@0.9.1
142 silly currentTree   +-- http-signature@0.10.1
142 silly currentTree   +-- mime@1.2.11
142 silly currentTree   +-- node-uuid@1.4.8
142 silly currentTree   +-- oauth-sign@0.3.0
142 silly currentTree   +-- qs@0.6.6
142 silly currentTree   +-- request@2.34.0
142 silly currentTree   +-- sntp@0.2.4
142 silly currentTree   `-- tunnel-agent@0.3.0
143 silly idealTree ziad.rida@0.5.0
143 silly idealTree +-- @types/desktop.ini
143 silly idealTree +-- @types/node@6.0.81
143 silly idealTree +-- accepts@1.3.3
143 silly idealTree +-- ajv@4.11.8
143 silly idealTree +-- amazon-product-api@0.4.3
143 silly idealTree | +-- asn1@0.1.11
143 silly idealTree | +-- assert-plus@0.1.5
143 silly idealTree | +-- aws-sign2@0.5.0
143 silly idealTree | +-- caseless@0.9.0
143 silly idealTree | +-- combined-stream@0.0.7
143 silly idealTree | +-- delayed-stream@0.0.5
143 silly idealTree | +-- desktop.ini
143 silly idealTree | +-- es6-promise@3.0.2
143 silly idealTree | +-- forever-agent@0.5.2
143 silly idealTree | +-- form-data@0.2.0
143 silly idealTree | +-- hawk@2.3.1
143 silly idealTree | +-- http-signature@0.10.1
143 silly idealTree | +-- mime-db@1.12.0
143 silly idealTree | +-- mime-types@2.0.14
143 silly idealTree | +-- node-uuid@1.4.8
143 silly idealTree | +-- oauth-sign@0.6.0
143 silly idealTree | +-- qs@2.3.3
143 silly idealTree | +-- request@2.53.0
143 silly idealTree | `-- tunnel-agent@0.4.3
143 silly idealTree +-- any-promise@1.3.0
143 silly idealTree +-- array-flatten@1.1.1
143 silly idealTree +-- asn1@0.2.3
143 silly idealTree +-- assert-plus@0.2.0
143 silly idealTree +-- async@0.9.2
143 silly idealTree +-- asynckit@0.4.0
143 silly idealTree +-- aws-sign2@0.6.0
143 silly idealTree +-- aws4@1.6.0
143 silly idealTree +-- babel-runtime@6.23.0
143 silly idealTree +-- bcrypt-pbkdf@1.0.1
143 silly idealTree +-- bl@0.9.5
143 silly idealTree | +-- desktop.ini
143 silly idealTree | +-- isarray@0.0.1
143 silly idealTree | +-- readable-stream@1.0.34
143 silly idealTree | `-- string_decoder@0.10.31
143 silly idealTree +-- body-parser@1.17.2
143 silly idealTree +-- boolbase@1.0.0
143 silly idealTree +-- boom@2.10.1
143 silly idealTree +-- bson@1.0.4
143 silly idealTree +-- buffer-shims@1.0.0
143 silly idealTree +-- bytes@2.4.0
143 silly idealTree +-- caseless@0.12.0
143 silly idealTree +-- cheerio@1.0.0-rc.2
143 silly idealTree | +-- boolbase@1.0.0
143 silly idealTree | +-- css-select@1.2.0
143 silly idealTree | +-- desktop.ini
143 silly idealTree | +-- domutils@1.5.1
143 silly idealTree | +-- entities@1.1.1
143 silly idealTree | `-- lodash@4.17.4
143 silly idealTree +-- co@4.6.0
143 silly idealTree +-- combined-stream@1.0.5
143 silly idealTree +-- content-disposition@0.5.2
143 silly idealTree +-- content-type@1.0.2
143 silly idealTree +-- cookie-signature@1.0.6
143 silly idealTree +-- cookie@0.3.1
143 silly idealTree +-- core-decorators@0.17.0
143 silly idealTree +-- core-js@2.4.1
143 silly idealTree +-- core-util-is@1.0.2
143 silly idealTree +-- cryptiles@2.0.5
143 silly idealTree +-- css-select@1.2.0
143 silly idealTree +-- css-what@2.1.0
143 silly idealTree +-- ctype@0.5.3
143 silly idealTree +-- dashdash@1.14.1
143 silly idealTree | +-- assert-plus@1.0.0
143 silly idealTree | `-- desktop.ini
143 silly idealTree +-- debug@2.6.7
143 silly idealTree +-- delayed-stream@1.0.0
143 silly idealTree +-- depd@1.1.0
143 silly idealTree +-- desktop.ini
143 silly idealTree +-- destroy@1.0.4
143 silly idealTree +-- dom-serializer@0.1.0
143 silly idealTree | +-- desktop.ini
143 silly idealTree | +-- domelementtype@1.1.3
143 silly idealTree | `-- entities@1.1.1
143 silly idealTree +-- domelementtype@1.3.0
143 silly idealTree +-- domhandler@2.4.1
143 silly idealTree +-- domutils@1.5.1
143 silly idealTree +-- ecc-jsbn@0.1.1
143 silly idealTree +-- ee-first@1.1.1
143 silly idealTree +-- encodeurl@1.0.1
143 silly idealTree +-- encoding@0.1.12
143 silly idealTree +-- entities@1.1.1
143 silly idealTree +-- es6-promise@3.2.1
143 silly idealTree +-- escape-html@1.0.3
143 silly idealTree +-- etag@1.8.0
143 silly idealTree +-- express@4.15.3
143 silly idealTree +-- extend@3.0.1
143 silly idealTree +-- extsprintf@1.0.2
143 silly idealTree +-- fb@2.0.0
143 silly idealTree | +-- desktop.ini
143 silly idealTree | `-- request@2.81.0
143 silly idealTree +-- fibers@1.0.15
143 silly idealTree +-- finalhandler@1.0.3
143 silly idealTree +-- forever-agent@0.6.1
143 silly idealTree +-- form-data@2.1.4
143 silly idealTree +-- forwarded@0.1.0
143 silly idealTree +-- fresh@0.5.0
143 silly idealTree +-- getpass@0.1.7
143 silly idealTree | +-- assert-plus@1.0.0
143 silly idealTree | `-- desktop.ini
143 silly idealTree +-- glutils@0.2.0
143 silly idealTree +-- har-schema@1.0.5
143 silly idealTree +-- har-validator@4.2.1
143 silly idealTree +-- hawk@3.1.3
143 silly idealTree +-- hoek@2.16.3
143 silly idealTree +-- htmlparser2@3.9.2
143 silly idealTree | +-- desktop.ini
143 silly idealTree | +-- domutils@1.6.2
143 silly idealTree | `-- entities@1.1.1
143 silly idealTree +-- http-errors@1.6.1
143 silly idealTree +-- http-signature@1.1.1
143 silly idealTree +-- iconv-lite@0.4.15
143 silly idealTree +-- inherits@2.0.3
143 silly idealTree +-- ipaddr.js@1.3.0
143 silly idealTree +-- is-stream@1.1.0
143 silly idealTree +-- is-typedarray@1.0.0
143 silly idealTree +-- isarray@1.0.0
143 silly idealTree +-- isomorphic-fetch@2.2.1
143 silly idealTree +-- isstream@0.1.2
143 silly idealTree +-- jsbn@0.1.1
143 silly idealTree +-- json-schema@0.2.3
143 silly idealTree +-- json-stable-stringify@1.0.1
143 silly idealTree +-- json-stringify-safe@5.0.1
143 silly idealTree +-- jsonify@0.0.0
143 silly idealTree +-- jsprim@1.4.0
143 silly idealTree | +-- assert-plus@1.0.0
143 silly idealTree | `-- desktop.ini
143 silly idealTree +-- lodash@4.17.4
143 silly idealTree +-- logger@0.0.1
143 silly idealTree +-- media-typer@0.3.0
143 silly idealTree +-- merge-descriptors@1.0.1
143 silly idealTree +-- methods@1.1.2
143 silly idealTree +-- mime-db@1.27.0
143 silly idealTree +-- mime-types@2.1.15
143 silly idealTree +-- mime@1.3.4
143 silly idealTree +-- mongo-sequence@0.1.5
143 silly idealTree +-- mongodb-core@2.1.13
143 silly idealTree +-- mongodb@2.2.29
143 silly idealTree +-- ms@2.0.0
143 silly idealTree +-- negotiator@0.6.1
143 silly idealTree +-- node-fetch@1.7.1
143 silly idealTree +-- node-wit@4.3.0
143 silly idealTree +-- nth-check@1.0.1
143 silly idealTree | +-- boolbase@1.0.0
143 silly idealTree | `-- desktop.ini
143 silly idealTree +-- oauth-sign@0.8.2
143 silly idealTree +-- on-finished@2.3.0
143 silly idealTree +-- parse-domain@1.1.0
143 silly idealTree +-- parse5@3.0.2
143 silly idealTree +-- parseurl@1.3.1
143 silly idealTree +-- path-to-regexp@0.1.7
143 silly idealTree +-- performance-now@0.2.0
143 silly idealTree +-- process-nextick-args@1.0.7
143 silly idealTree +-- proxy-addr@1.1.4
143 silly idealTree +-- punycode@1.4.1
143 silly idealTree +-- qs@6.4.0
143 silly idealTree +-- range-parser@1.2.0
143 silly idealTree +-- raw-body@2.2.0
143 silly idealTree +-- readable-stream@2.2.7
143 silly idealTree +-- regenerator-runtime@0.10.5
143 silly idealTree +-- request
143 silly idealTree +-- require_optional@1.0.1
143 silly idealTree +-- resolve-from@2.0.0
143 silly idealTree +-- safe-buffer@5.1.1
143 silly idealTree +-- sax@0.6.1
143 silly idealTree +-- semver@5.3.0
143 silly idealTree +-- send@0.15.3
143 silly idealTree +-- serve-static@1.12.3
143 silly idealTree +-- setprototypeof@1.0.3
143 silly idealTree +-- sntp@1.0.9
143 silly idealTree +-- sshpk@1.13.1
143 silly idealTree | `-- assert-plus@1.0.0
143 silly idealTree +-- statuses@1.3.1
143 silly idealTree +-- string_decoder@1.0.3
143 silly idealTree +-- stringstream@0.0.5
143 silly idealTree +-- tough-cookie@2.3.2
143 silly idealTree +-- tunnel-agent@0.6.0
143 silly idealTree +-- tweetnacl@0.14.5
143 silly idealTree +-- type-is@1.6.15
143 silly idealTree +-- underscore@1.6.0
143 silly idealTree +-- unpipe@1.0.0
143 silly idealTree +-- util-deprecate@1.0.2
143 silly idealTree +-- utils-merge@1.0.0
143 silly idealTree +-- uuid@3.1.0
143 silly idealTree +-- vary@1.1.1
143 silly idealTree +-- verror@1.3.6
143 silly idealTree +-- whatwg-fetch@2.0.3
143 silly idealTree +-- xml2js@0.4.5
143 silly idealTree +-- xmlbuilder@9.0.1
143 silly idealTree `-- yql@1.0.2
143 silly idealTree   +-- asn1@0.1.11
143 silly idealTree   +-- assert-plus@0.1.5
143 silly idealTree   +-- aws-sign2@0.5.0
143 silly idealTree   +-- boom@0.4.2
143 silly idealTree   +-- combined-stream@0.0.7
143 silly idealTree   +-- cryptiles@0.2.2
143 silly idealTree   +-- delayed-stream@0.0.5
143 silly idealTree   +-- desktop.ini
143 silly idealTree   +-- forever-agent@0.5.2
143 silly idealTree   +-- form-data@0.1.4
143 silly idealTree   +-- hawk@1.0.0
143 silly idealTree   +-- hoek@0.9.1
143 silly idealTree   +-- http-signature@0.10.1
143 silly idealTree   +-- mime@1.2.11
143 silly idealTree   +-- node-uuid@1.4.8
143 silly idealTree   +-- oauth-sign@0.3.0
143 silly idealTree   +-- qs@0.6.6
143 silly idealTree   +-- request@2.34.0
143 silly idealTree   +-- sntp@0.2.4
143 silly idealTree   `-- tunnel-agent@0.3.0
144 silly generateActionsToTake Starting
145 silly install generateActionsToTake
146 silly generateActionsToTake Finishing
147 silly diffTrees action count 1
148 silly diffTrees update mongo-sequence@0.1.5
149 silly decomposeActions action count 9
150 silly decomposeActions remove mongo-sequence@0.1.5
151 silly decomposeActions fetch mongo-sequence@0.1.5
152 silly decomposeActions extract mongo-sequence@0.1.5
153 silly decomposeActions test mongo-sequence@0.1.5
154 silly decomposeActions preinstall mongo-sequence@0.1.5
155 silly decomposeActions build mongo-sequence@0.1.5
156 silly decomposeActions install mongo-sequence@0.1.5
157 silly decomposeActions postinstall mongo-sequence@0.1.5
158 silly decomposeActions finalize mongo-sequence@0.1.5
159 silly runTopLevelLifecycles Starting
160 silly executeActions Starting
161 silly install executeActions
162 silly doSerial global-install 0
163 silly doParallel fetch 1
164 verbose correctMkdir C:\Users\ziad.rida\AppData\Roaming\npm-cache\_locks correctMkdir not in flight; initializing
165 verbose lock using C:\Users\ziad.rida\AppData\Roaming\npm-cache\_locks\staging-955a816b02f78615.lock for C:\Users\ziad.rida\Google Drive\per\projects\FBbot\node_modules\.staging
166 silly doParallel extract 1
167 silly extract mongo-sequence@0.1.5
168 verbose unbuild node_modules\.staging\mongo-sequence-aff8771c
169 silly gentlyRm C:\Users\ziad.rida\Google Drive\per\projects\FBbot\node_modules\.staging\mongo-sequence-aff8771c is being purged from base C:\Users\ziad.rida\Google Drive\per\projects\FBbot
170 verbose gentlyRm don't care about contents; nuking C:\Users\ziad.rida\Google Drive\per\projects\FBbot\node_modules\.staging\mongo-sequence-aff8771c
171 verbose tar unpack C:\Users\ziad.rida\AppData\Roaming\npm-cache\mongo-sequence\0.1.5\package.tgz
172 verbose tar unpacking to C:\Users\ziad.rida\Google Drive\per\projects\FBbot\node_modules\.staging\mongo-sequence-aff8771c
173 silly gentlyRm C:\Users\ziad.rida\Google Drive\per\projects\FBbot\node_modules\.staging\mongo-sequence-aff8771c is being purged
174 verbose gentlyRm don't care about contents; nuking C:\Users\ziad.rida\Google Drive\per\projects\FBbot\node_modules\.staging\mongo-sequence-aff8771c
175 silly gunzTarPerm modes [ '777', '666' ]
176 silly gunzTarPerm extractEntry package.json
177 silly gunzTarPerm modified mode [ 'package.json', 420, 438 ]
178 silly gunzTarPerm extractEntry README.md
179 silly gunzTarPerm modified mode [ 'README.md', 420, 438 ]
180 silly gunzTarPerm extractEntry LICENSE
181 silly gunzTarPerm modified mode [ 'LICENSE', 420, 438 ]
182 silly gunzTarPerm extractEntry index.js
183 silly gunzTarPerm modified mode [ 'index.js', 420, 438 ]
184 silly gunzTarPerm extractEntry .travis.yml
185 silly gunzTarPerm modified mode [ '.travis.yml', 420, 438 ]
186 silly gunzTarPerm extractEntry examples/example.js
187 silly gunzTarPerm modified mode [ 'examples/example.js', 420, 438 ]
188 silly gunzTarPerm extractEntry test/test.js
189 silly gunzTarPerm modified mode [ 'test/test.js', 420, 438 ]
190 silly gentlyRm C:\Users\ziad.rida\Google Drive\per\projects\FBbot\node_modules\.staging\mongo-sequence-aff8771c\node_modules is being purged
191 verbose gentlyRm don't care about contents; nuking C:\Users\ziad.rida\Google Drive\per\projects\FBbot\node_modules\.staging\mongo-sequence-aff8771c\node_modules
192 silly doParallel preinstall 1
193 silly preinstall mongo-sequence@0.1.5 C:\Users\ziad.rida\Google Drive\per\projects\FBbot\node_modules\.staging\mongo-sequence-aff8771c
194 info lifecycle mongo-sequence@0.1.5~preinstall: mongo-sequence@0.1.5
195 silly lifecycle mongo-sequence@0.1.5~preinstall: no script for preinstall, continuing
196 silly doReverseSerial remove 1
197 silly remove C:\Users\ziad.rida\Google Drive\per\projects\FBbot\node_modules\mongo-sequence
198 verbose unbuild node_modules\mongo-sequence
199 info lifecycle mongo-sequence@0.1.5~preuninstall: mongo-sequence@0.1.5
200 silly lifecycle mongo-sequence@0.1.5~preuninstall: no script for preuninstall, continuing
201 info lifecycle mongo-sequence@0.1.5~uninstall: mongo-sequence@0.1.5
202 silly lifecycle mongo-sequence@0.1.5~uninstall: no script for uninstall, continuing
203 verbose unbuild rmStuff mongo-sequence@0.1.5 from C:\Users\ziad.rida\Google Drive\per\projects\FBbot\node_modules
204 info lifecycle mongo-sequence@0.1.5~postuninstall: mongo-sequence@0.1.5
205 silly lifecycle mongo-sequence@0.1.5~postuninstall: no script for postuninstall, continuing
206 silly gentlyRm C:\Users\ziad.rida\Google Drive\per\projects\FBbot\node_modules\mongo-sequence is being purged from base C:\Users\ziad.rida\Google Drive\per\projects\FBbot
207 verbose gentlyRm don't care about contents; nuking C:\Users\ziad.rida\Google Drive\per\projects\FBbot\node_modules\mongo-sequence
208 silly vacuum-fs purging C:\Users\ziad.rida\Google Drive\per\projects\FBbot\node_modules\mongo-sequence
209 verbose unlock done using C:\Users\ziad.rida\AppData\Roaming\npm-cache\_locks\staging-955a816b02f78615.lock for C:\Users\ziad.rida\Google Drive\per\projects\FBbot\node_modules\.staging
210 silly rollbackFailedOptional Starting
211 silly rollbackFailedOptional Finishing
212 silly runTopLevelLifecycles Finishing
213 silly install printInstalled
214 warn enoent ENOENT: no such file or directory, open 'C:\Users\ziad.rida\Google Drive\per\projects\FBbot\node_modules\request\package.json'
215 verbose enoent ENOENT: no such file or directory, open 'C:\Users\ziad.rida\Google Drive\per\projects\FBbot\node_modules\request\package.json'
215 verbose enoent This is most likely not a problem with npm itself
215 verbose enoent and is related to npm not being able to find a file.
216 warn ziad.rida@0.5.0 No repository field.
217 verbose If you need help, you may report this error at:
217 verbose     <https://github.com/npm/npm/issues>
218 verbose stack Error: EPERM: operation not permitted, rmdir 'C:\Users\ziad.rida\Google Drive\per\projects\FBbot\node_modules\mongo-sequence\test'
218 verbose stack     at Error (native)
219 verbose cwd C:\Users\ziad.rida\Google Drive\per\projects\FBbot
220 error Windows_NT 10.0.15063
221 error argv "C:\\Program Files\\nodejs\\node.exe" "C:\\Program Files\\nodejs\\node_modules\\npm\\bin\\npm-cli.js" "install" "mongo-sequence"
222 error node v6.11.0
223 error npm  v3.10.10
224 error path C:\Users\ziad.rida\Google Drive\per\projects\FBbot\node_modules\mongo-sequence\test
225 error code EPERM
226 error errno -4048
227 error syscall rmdir
228 error Error: EPERM: operation not permitted, rmdir 'C:\Users\ziad.rida\Google Drive\per\projects\FBbot\node_modules\mongo-sequence\test'
228 error     at Error (native)
228 error  { Error: EPERM: operation not permitted, rmdir 'C:\Users\ziad.rida\Google Drive\per\projects\FBbot\node_modules\mongo-sequence\test'
228 error     at Error (native)
228 error   errno: -4048,
228 error   code: 'EPERM',
228 error   syscall: 'rmdir',
228 error   path: 'C:\\Users\\ziad.rida\\Google Drive\\per\\projects\\FBbot\\node_modules\\mongo-sequence\\test',
228 error   parent: 'ziad.rida' }
229 error Please try running this command again as root/Administrator.
230 verbose exit [ -4048, true ]
